may. 05, 2024 3:43:28 P. M. co.uniquindio.plataforma.modelo.PlataformaServidor <init>
INFORMACIÓN: Se crea una nueva instancia de la Plataforma
may. 05, 2024 3:43:28 P. M. co.uniquindio.plataforma.modelo.PlataformaServidor leerCliente
GRAVE: src\main\resources\persistencia\clientes.txt (El sistema no puede encontrar la ruta especificada)
may. 05, 2024 3:43:28 P. M. co.uniquindio.plataforma.modelo.PlataformaServidor leerNoticias
GRAVE: src\main\resources\persistencia\noticias.txt (El sistema no puede encontrar la ruta especificada)
may. 05, 2024 3:43:28 P. M. co.uniquindio.plataforma.modelo.PlataformaServidor leerSociosPublicadores
GRAVE: src\main\resources\persistencia\sociosPublicadores.txt (El sistema no puede encontrar la ruta especificada)
may. 05, 2024 3:44:38 P. M. co.uniquindio.plataforma.modelo.PlataformaServidor escribirSocioPublicador
GRAVE: src\main\resources\persistencia\sociosPublicadores.txt (El sistema no puede encontrar la ruta especificada)
may. 05, 2024 3:44:38 P. M. co.uniquindio.plataforma.modelo.PlataformaServidor agregarSocioPublicador
INFORMACIÓN: Se ha registrado un nuevo socio/publicador con el nombre: Ana Velez
may. 05, 2024 3:46:27 P. M. co.uniquindio.plataforma.modelo.PlataformaServidor escribirNoticia
GRAVE: src\main\resources\persistencia\noticias.txt (El sistema no puede encontrar la ruta especificada)
may. 05, 2024 3:46:27 P. M. co.uniquindio.plataforma.modelo.PlataformaServidor escribirSocioPublicador
GRAVE: src\main\resources\persistencia\sociosPublicadores.txt (El sistema no puede encontrar la ruta especificada)
may. 05, 2024 3:46:27 P. M. co.uniquindio.plataforma.modelo.PlataformaServidor agregarNoticia
INFORMACIÓN: Se ha registrado una nueva noticia
may. 05, 2024 3:56:25 P. M. co.uniquindio.plataforma.modelo.PlataformaServidor <init>
INFORMACIÓN: Se crea una nueva instancia de la Plataforma
may. 05, 2024 3:56:25 P. M. co.uniquindio.plataforma.modelo.PlataformaServidor leerCliente
GRAVE: src\main\resources\persistencia\clientes.txt (El sistema no puede encontrar la ruta especificada)
may. 05, 2024 3:56:25 P. M. co.uniquindio.plataforma.modelo.PlataformaServidor leerNoticias
GRAVE: src\main\resources\persistencia\noticias.txt (El sistema no puede encontrar la ruta especificada)
may. 05, 2024 3:56:25 P. M. co.uniquindio.plataforma.modelo.PlataformaServidor leerSociosPublicadores
GRAVE: src\main\resources\persistencia\sociosPublicadores.txt (El sistema no puede encontrar la ruta especificada)
may. 05, 2024 3:57:34 P. M. co.uniquindio.plataforma.modelo.PlataformaServidor escribirCliente
GRAVE: src\main\resources\persistencia\clientes.txt (El sistema no puede encontrar la ruta especificada)
may. 05, 2024 3:57:34 P. M. co.uniquindio.plataforma.modelo.PlataformaServidor agregarCliente
INFORMACIÓN: Se ha registrado un nuevo cliente con el nombre: Isabella Garcia
may. 05, 2024 3:59:14 P. M. co.uniquindio.plataforma.modelo.PlataformaServidor escribirSocioPublicador
GRAVE: src\main\resources\persistencia\sociosPublicadores.txt (El sistema no puede encontrar la ruta especificada)
may. 05, 2024 3:59:14 P. M. co.uniquindio.plataforma.modelo.PlataformaServidor agregarSocioPublicador
INFORMACIÓN: Se ha registrado un nuevo socio/publicador con el nombre: Carlos Ortiz
may. 05, 2024 4:00:19 P. M. co.uniquindio.plataforma.modelo.PlataformaServidor escribirSocioPublicador
GRAVE: src\main\resources\persistencia\sociosPublicadores.txt (El sistema no puede encontrar la ruta especificada)
may. 05, 2024 4:00:19 P. M. co.uniquindio.plataforma.modelo.PlataformaServidor agregarSocioPublicador
INFORMACIÓN: Se ha registrado un nuevo socio/publicador con el nombre: Mauricio Rios
may. 05, 2024 4:00:46 P. M. co.uniquindio.plataforma.modelo.PlataformaServidor escribirNoticia
GRAVE: src\main\resources\persistencia\noticias.txt (El sistema no puede encontrar la ruta especificada)
may. 05, 2024 4:00:46 P. M. co.uniquindio.plataforma.modelo.PlataformaServidor escribirSocioPublicador
GRAVE: src\main\resources\persistencia\sociosPublicadores.txt (El sistema no puede encontrar la ruta especificada)
may. 05, 2024 4:00:46 P. M. co.uniquindio.plataforma.modelo.PlataformaServidor agregarNoticia
INFORMACIÓN: Se ha registrado una nueva noticia
may. 05, 2024 4:09:58 P. M. co.uniquindio.plataforma.modelo.PlataformaServidor <init>
INFORMACIÓN: Se crea una nueva instancia de la Plataforma
may. 05, 2024 4:09:58 P. M. co.uniquindio.plataforma.modelo.PlataformaServidor leerCliente
GRAVE: src\main\resources\persistencia\clientes.txt (El sistema no puede encontrar la ruta especificada)
may. 05, 2024 4:09:58 P. M. co.uniquindio.plataforma.modelo.PlataformaServidor leerNoticias
GRAVE: src\main\resources\persistencia\noticias.txt (El sistema no puede encontrar la ruta especificada)
may. 05, 2024 4:09:58 P. M. co.uniquindio.plataforma.modelo.PlataformaServidor leerSociosPublicadores
GRAVE: src\main\resources\persistencia\sociosPublicadores.txt (El sistema no puede encontrar la ruta especificada)
may. 05, 2024 4:10:58 P. M. co.uniquindio.plataforma.modelo.PlataformaServidor escribirSocioPublicador
GRAVE: src\main\resources\persistencia\sociosPublicadores.txt (El sistema no puede encontrar la ruta especificada)
may. 05, 2024 4:10:58 P. M. co.uniquindio.plataforma.modelo.PlataformaServidor agregarSocioPublicador
INFORMACIÓN: Se ha registrado un nuevo socio/publicador con el nombre: Isa Gomez
may. 05, 2024 4:11:33 P. M. co.uniquindio.plataforma.modelo.PlataformaServidor escribirNoticia
GRAVE: src\main\resources\persistencia\noticias.txt (El sistema no puede encontrar la ruta especificada)
may. 05, 2024 4:11:33 P. M. co.uniquindio.plataforma.modelo.PlataformaServidor escribirSocioPublicador
GRAVE: src\main\resources\persistencia\sociosPublicadores.txt (El sistema no puede encontrar la ruta especificada)
may. 05, 2024 4:11:33 P. M. co.uniquindio.plataforma.modelo.PlataformaServidor agregarNoticia
INFORMACIÓN: Se ha registrado una nueva noticia
may. 05, 2024 4:31:04 P. M. co.uniquindio.plataforma.modelo.PlataformaServidor <init>
INFORMACIÓN: Se crea una nueva instancia de la Plataforma
may. 05, 2024 4:31:04 P. M. co.uniquindio.plataforma.modelo.PlataformaServidor leerCliente
GRAVE: src\main\resources\persistencia\clientes.txt (El sistema no puede encontrar la ruta especificada)
may. 05, 2024 4:31:04 P. M. co.uniquindio.plataforma.modelo.PlataformaServidor leerNoticias
GRAVE: src\main\resources\persistencia\noticias.txt (El sistema no puede encontrar la ruta especificada)
may. 05, 2024 4:31:04 P. M. co.uniquindio.plataforma.modelo.PlataformaServidor leerSociosPublicadores
GRAVE: src\main\resources\persistencia\sociosPublicadores.txt (El sistema no puede encontrar la ruta especificada)
may. 05, 2024 4:32:08 P. M. co.uniquindio.plataforma.modelo.PlataformaServidor escribirCliente
GRAVE: src\main\resources\persistencia\clientes.txt (El sistema no puede encontrar la ruta especificada)
may. 05, 2024 4:32:08 P. M. co.uniquindio.plataforma.modelo.PlataformaServidor agregarCliente
INFORMACIÓN: Se ha registrado un nuevo cliente con el nombre: Isa Garcia
may. 05, 2024 4:32:30 P. M. co.uniquindio.plataforma.modelo.PlataformaServidor escribirSocioPublicador
GRAVE: src\main\resources\persistencia\sociosPublicadores.txt (El sistema no puede encontrar la ruta especificada)
may. 05, 2024 4:32:30 P. M. co.uniquindio.plataforma.modelo.PlataformaServidor agregarSocioPublicador
INFORMACIÓN: Se ha registrado un nuevo socio/publicador con el nombre: Ana Velez
may. 05, 2024 4:32:58 P. M. co.uniquindio.plataforma.modelo.PlataformaServidor escribirNoticia
GRAVE: src\main\resources\persistencia\noticias.txt (El sistema no puede encontrar la ruta especificada)
may. 05, 2024 4:32:58 P. M. co.uniquindio.plataforma.modelo.PlataformaServidor escribirSocioPublicador
GRAVE: src\main\resources\persistencia\sociosPublicadores.txt (El sistema no puede encontrar la ruta especificada)
may. 05, 2024 4:32:58 P. M. co.uniquindio.plataforma.modelo.PlataformaServidor agregarNoticia
INFORMACIÓN: Se ha registrado una nueva noticia
may. 05, 2024 4:37:36 P. M. co.uniquindio.plataforma.modelo.PlataformaServidor <init>
INFORMACIÓN: Se crea una nueva instancia de la Plataforma
may. 05, 2024 4:37:36 P. M. co.uniquindio.plataforma.modelo.PlataformaServidor leerCliente
GRAVE: src\main\resources\persistencia\clientes.txt (El sistema no puede encontrar la ruta especificada)
may. 05, 2024 4:37:36 P. M. co.uniquindio.plataforma.modelo.PlataformaServidor leerNoticias
GRAVE: src\main\resources\persistencia\noticias.txt (El sistema no puede encontrar la ruta especificada)
may. 05, 2024 4:37:36 P. M. co.uniquindio.plataforma.modelo.PlataformaServidor leerSociosPublicadores
GRAVE: src\main\resources\persistencia\sociosPublicadores.txt (El sistema no puede encontrar la ruta especificada)
may. 05, 2024 4:40:46 P. M. co.uniquindio.plataforma.modelo.PlataformaServidor <init>
INFORMACIÓN: Se crea una nueva instancia de la Plataforma
may. 05, 2024 4:41:42 P. M. co.uniquindio.plataforma.modelo.PlataformaServidor agregarCliente
INFORMACIÓN: Se ha registrado un nuevo cliente con el nombre: Isabella Garcia
may. 05, 2024 4:42:18 P. M. co.uniquindio.plataforma.modelo.PlataformaServidor agregarSocioPublicador
INFORMACIÓN: Se ha registrado un nuevo socio/publicador con el nombre: Ana Velez
may. 05, 2024 4:43:00 P. M. co.uniquindio.plataforma.modelo.PlataformaServidor agregarNoticia
INFORMACIÓN: Se ha registrado una nueva noticia
may. 05, 2024 4:48:45 P. M. co.uniquindio.plataforma.modelo.PlataformaServidor <init>
INFORMACIÓN: Se crea una nueva instancia de la Plataforma
may. 05, 2024 4:49:40 P. M. co.uniquindio.plataforma.modelo.PlataformaServidor agregarSocioPublicador
INFORMACIÓN: Se ha registrado un nuevo socio/publicador con el nombre: Carlos 
may. 05, 2024 4:50:18 P. M. co.uniquindio.plataforma.modelo.PlataformaServidor agregarCliente
INFORMACIÓN: Se ha registrado un nuevo cliente con el nombre: Ana Ramirez
may. 05, 2024 4:52:28 P. M. co.uniquindio.plataforma.modelo.PlataformaServidor agregarSocioPublicador
INFORMACIÓN: Se ha registrado un nuevo socio/publicador con el nombre: Maria 
may. 05, 2024 4:56:48 P. M. co.uniquindio.plataforma.modelo.PlataformaServidor <init>
INFORMACIÓN: Se crea una nueva instancia de la Plataforma
may. 05, 2024 4:57:35 P. M. co.uniquindio.plataforma.modelo.PlataformaServidor agregarCliente
INFORMACIÓN: Se ha registrado un nuevo cliente con el nombre: Maria Velez
may. 05, 2024 4:57:58 P. M. co.uniquindio.plataforma.modelo.PlataformaServidor agregarSocioPublicador
INFORMACIÓN: Se ha registrado un nuevo socio/publicador con el nombre: Ana Velez
may. 05, 2024 4:58:26 P. M. co.uniquindio.plataforma.modelo.PlataformaServidor agregarNoticia
INFORMACIÓN: Se ha registrado una nueva noticia
may. 05, 2024 5:31:02 P. M. co.uniquindio.plataforma.modelo.PlataformaServidor <init>
INFORMACIÓN: Se crea una nueva instancia de la Plataforma
may. 05, 2024 5:33:18 P. M. co.uniquindio.plataforma.modelo.PlataformaServidor agregarCliente
INFORMACIÓN: Se ha registrado un nuevo cliente con el nombre: Isa Garcia
may. 05, 2024 5:33:39 P. M. co.uniquindio.plataforma.modelo.PlataformaServidor agregarSocioPublicador
INFORMACIÓN: Se ha registrado un nuevo socio/publicador con el nombre: Ana Velez
may. 05, 2024 5:34:04 P. M. co.uniquindio.plataforma.modelo.PlataformaServidor agregarNoticia
INFORMACIÓN: Se ha registrado una nueva noticia
may. 05, 2024 5:55:15 P. M. co.uniquindio.plataforma.modelo.PlataformaServidor <init>
INFORMACIÓN: Se crea una nueva instancia de la Plataforma
may. 05, 2024 5:56:19 P. M. co.uniquindio.plataforma.modelo.PlataformaServidor agregarCliente
INFORMACIÓN: Se ha registrado un nuevo cliente con el nombre: Mario Cardona
may. 05, 2024 5:56:44 P. M. co.uniquindio.plataforma.modelo.PlataformaServidor agregarSocioPublicador
INFORMACIÓN: Se ha registrado un nuevo socio/publicador con el nombre: Mauro Rios
may. 05, 2024 5:57:41 P. M. co.uniquindio.plataforma.modelo.PlataformaServidor agregarNoticia
INFORMACIÓN: Se ha registrado una nueva noticia
may. 05, 2024 6:09:36 P. M. co.uniquindio.plataforma.modelo.PlataformaServidor <init>
INFORMACIÓN: Se crea una nueva instancia de la Plataforma
may. 05, 2024 6:10:31 P. M. co.uniquindio.plataforma.modelo.PlataformaServidor agregarSocioPublicador
INFORMACIÓN: Se ha registrado un nuevo socio/publicador con el nombre: Ana Velez
may. 05, 2024 6:11:00 P. M. co.uniquindio.plataforma.modelo.PlataformaServidor agregarCliente
INFORMACIÓN: Se ha registrado un nuevo cliente con el nombre: Maria
may. 05, 2024 6:11:27 P. M. co.uniquindio.plataforma.modelo.PlataformaServidor agregarNoticia
INFORMACIÓN: Se ha registrado una nueva noticia
may. 05, 2024 6:22:20 P. M. co.uniquindio.plataforma.modelo.PlataformaServidor <init>
INFORMACIÓN: Se crea una nueva instancia de la Plataforma
may. 05, 2024 6:25:39 P. M. co.uniquindio.plataforma.modelo.PlataformaServidor <init>
INFORMACIÓN: Se crea una nueva instancia de la Plataforma
may. 05, 2024 6:26:23 P. M. co.uniquindio.plataforma.modelo.PlataformaServidor agregarCliente
INFORMACIÓN: Se ha registrado un nuevo cliente con el nombre: Isa Garcia
may. 05, 2024 6:26:40 P. M. co.uniquindio.plataforma.modelo.PlataformaServidor agregarSocioPublicador
INFORMACIÓN: Se ha registrado un nuevo socio/publicador con el nombre: Ana Velez
may. 05, 2024 6:27:03 P. M. co.uniquindio.plataforma.modelo.PlataformaServidor agregarNoticia
INFORMACIÓN: Se ha registrado una nueva noticia
may. 05, 2024 10:17:12 P. M. co.uniquindio.plataforma.modelo.PlataformaServidor <init>
INFORMACIÓN: Se crea una nueva instancia de la Plataforma
may. 05, 2024 10:37:49 P. M. co.uniquindio.plataforma.modelo.PlataformaServidor <init>
INFORMACIÓN: Se crea una nueva instancia de la Plataforma
may. 05, 2024 10:44:43 P. M. co.uniquindio.plataforma.modelo.PlataformaServidor <init>
INFORMACIÓN: Se crea una nueva instancia de la Plataforma
may. 05, 2024 11:06:21 P. M. co.uniquindio.plataforma.modelo.PlataformaServidor <init>
INFORMACIÓN: Se crea una nueva instancia de la Plataforma
may. 05, 2024 11:07:50 P. M. co.uniquindio.plataforma.modelo.PlataformaServidor agregarSocioPublicador
INFORMACIÓN: Se ha registrado un nuevo socio/publicador con el nombre: Maria
may. 05, 2024 11:08:09 P. M. co.uniquindio.plataforma.modelo.PlataformaServidor agregarNoticia
INFORMACIÓN: Se ha registrado una nueva noticia
may. 07, 2024 6:11:45 P. M. co.uniquindio.plataforma.modelo.PlataformaServidor <init>
INFORMACIÓN: Se crea una nueva instancia de la Plataforma
may. 07, 2024 6:12:48 P. M. co.uniquindio.plataforma.modelo.PlataformaServidor agregarCliente
INFORMACIÓN: Se ha registrado un nuevo cliente con el nombre: Ana 
may. 07, 2024 6:13:07 P. M. co.uniquindio.plataforma.modelo.PlataformaServidor agregarSocioPublicador
INFORMACIÓN: Se ha registrado un nuevo socio/publicador con el nombre: Carlos
may. 07, 2024 6:13:38 P. M. co.uniquindio.plataforma.modelo.PlataformaServidor agregarNoticia
INFORMACIÓN: Se ha registrado una nueva noticia
may. 07, 2024 6:20:28 P. M. co.uniquindio.plataforma.modelo.PlataformaServidor <init>
INFORMACIÓN: Se crea una nueva instancia de la Plataforma
may. 07, 2024 6:21:13 P. M. co.uniquindio.plataforma.modelo.PlataformaServidor agregarCliente
INFORMACIÓN: Se ha registrado un nuevo cliente con el nombre: Ana Velez
may. 07, 2024 6:21:32 P. M. co.uniquindio.plataforma.modelo.PlataformaServidor agregarSocioPublicador
INFORMACIÓN: Se ha registrado un nuevo socio/publicador con el nombre: Isa Garcia
may. 07, 2024 6:22:00 P. M. co.uniquindio.plataforma.modelo.PlataformaServidor agregarNoticia
INFORMACIÓN: Se ha registrado una nueva noticia
may. 07, 2024 6:27:36 P. M. co.uniquindio.plataforma.modelo.PlataformaServidor <init>
INFORMACIÓN: Se crea una nueva instancia de la Plataforma
may. 07, 2024 6:28:57 P. M. co.uniquindio.plataforma.modelo.PlataformaServidor agregarSocioPublicador
INFORMACIÓN: Se ha registrado un nuevo socio/publicador con el nombre: Mauro Rios
may. 08, 2024 2:06:48 P. M. co.uniquindio.plataforma.modelo.PlataformaServidor <init>
INFORMACIÓN: Se crea una nueva instancia de la Plataforma
may. 17, 2024 8:27:58 P. M. co.uniquindio.plataforma.modelo.PlataformaServidor <init>
INFORMACIÓN: Se crea una nueva instancia de la Plataforma
